2013-08-23 19:28:16 Error: [MissingControllerException] Controller class TareasController could not be found.
Exception Attributes: array (
  'class' => 'TareasController',
  'plugin' => NULL,
)
Request URL: /cakephp/tareas/index
Stack Trace:
#0 C:\AppServ\www\cakephp\app\webroot\index.php(111): Dispatcher->dispatch(Object(CakeRequest), Object(CakeResponse))
#1 {main}
2013-08-23 19:31:34 Error: [MissingControllerException] Controller class TareasController could not be found.
Exception Attributes: array (
  'class' => 'TareasController',
  'plugin' => NULL,
)
Request URL: /listatareas/tareas/index
Stack Trace:
#0 C:\AppServ\www\listatareas\app\webroot\index.php(111): Dispatcher->dispatch(Object(CakeRequest), Object(CakeResponse))
#1 {main}
2013-08-23 19:32:41 Error: [MissingControllerException] Controller class TareasController could not be found.
Exception Attributes: array (
  'class' => 'TareasController',
  'plugin' => NULL,
)
Request URL: /listatareas/tareas/index
Stack Trace:
#0 C:\AppServ\www\listatareas\app\webroot\index.php(111): Dispatcher->dispatch(Object(CakeRequest), Object(CakeResponse))
#1 {main}
2013-08-23 19:32:47 Error: [MissingControllerException] Controller class TareasController could not be found.
Exception Attributes: array (
  'class' => 'TareasController',
  'plugin' => NULL,
)
Request URL: /listatareas/tareas/index
Stack Trace:
#0 C:\AppServ\www\listatareas\app\webroot\index.php(111): Dispatcher->dispatch(Object(CakeRequest), Object(CakeResponse))
#1 {main}
2013-08-23 19:34:46 Error: [MissingControllerException] Controller class TareasController could not be found.
Exception Attributes: array (
  'class' => 'TareasController',
  'plugin' => NULL,
)
Request URL: /listatareas/tareas/index
Stack Trace:
#0 C:\AppServ\www\listatareas\app\webroot\index.php(111): Dispatcher->dispatch(Object(CakeRequest), Object(CakeResponse))
#1 {main}
2013-08-23 19:34:48 Error: [MissingControllerException] Controller class TareasController could not be found.
Exception Attributes: array (
  'class' => 'TareasController',
  'plugin' => NULL,
)
Request URL: /listatareas/tareas/index
Stack Trace:
#0 C:\AppServ\www\listatareas\app\webroot\index.php(111): Dispatcher->dispatch(Object(CakeRequest), Object(CakeResponse))
#1 {main}
2013-08-23 19:35:36 Error: [MissingControllerException] Controller class TareasController could not be found.
Exception Attributes: array (
  'class' => 'TareasController',
  'plugin' => NULL,
)
Request URL: /listatareas/tareas/index
Stack Trace:
#0 C:\AppServ\www\listatareas\app\webroot\index.php(111): Dispatcher->dispatch(Object(CakeRequest), Object(CakeResponse))
#1 {main}
2013-08-23 19:36:22 Error: [MissingTableException] Table tareas for model Tarea was not found in datasource default.
Exception Attributes: array (
  'table' => 'tareas',
  'class' => 'Tarea',
  'ds' => 'default',
)
Request URL: /listatareas/tareas/index
Stack Trace:
#0 C:\AppServ\www\listatareas\lib\Cake\Model\Model.php(3243): Model->setSource('tareas')
#1 C:\AppServ\www\listatareas\lib\Cake\Model\Model.php(2696): Model->getDataSource()
#2 C:\AppServ\www\listatareas\app\Controller\TareasController.php(5): Model->find('all')
#3 [internal function]: TareasController->index()
#4 C:\AppServ\www\listatareas\lib\Cake\Controller\Controller.php(486): ReflectionMethod->invokeArgs(Object(TareasController), Array)
#5 C:\AppServ\www\listatareas\lib\Cake\Routing\Dispatcher.php(187): Controller->invokeAction(Object(CakeRequest))
#6 C:\AppServ\www\listatareas\lib\Cake\Routing\Dispatcher.php(162): Dispatcher->_invoke(Object(TareasController), Object(CakeRequest), Object(CakeResponse))
#7 C:\AppServ\www\listatareas\app\webroot\index.php(111): Dispatcher->dispatch(Object(CakeRequest), Object(CakeResponse))
#8 {main}
2013-08-23 19:37:43 Error: [MissingViewException] View file "C:\AppServ\www\listatareas\app\View\Tareas\index.ctp" is missing.
Exception Attributes: array (
  'file' => 'C:\\AppServ\\www\\listatareas\\app\\View\\Tareas\\index.ctp',
)
Request URL: /listatareas/tareas/index
Stack Trace:
#0 C:\AppServ\www\listatareas\lib\Cake\View\View.php(468): View->_getViewFileName(NULL)
#1 C:\AppServ\www\listatareas\lib\Cake\Controller\Controller.php(948): View->render(NULL, NULL)
#2 C:\AppServ\www\listatareas\lib\Cake\Routing\Dispatcher.php(194): Controller->render()
#3 C:\AppServ\www\listatareas\lib\Cake\Routing\Dispatcher.php(162): Dispatcher->_invoke(Object(TareasController), Object(CakeRequest), Object(CakeResponse))
#4 C:\AppServ\www\listatareas\app\webroot\index.php(111): Dispatcher->dispatch(Object(CakeRequest), Object(CakeResponse))
#5 {main}
2013-08-23 19:38:10 Error: [MissingViewException] View file "C:\AppServ\www\listatareas\app\View\Tareas\index.ctp" is missing.
Exception Attributes: array (
  'file' => 'C:\\AppServ\\www\\listatareas\\app\\View\\Tareas\\index.ctp',
)
Request URL: /listatareas/tareas/index
Stack Trace:
#0 C:\AppServ\www\listatareas\lib\Cake\View\View.php(468): View->_getViewFileName(NULL)
#1 C:\AppServ\www\listatareas\lib\Cake\Controller\Controller.php(948): View->render(NULL, NULL)
#2 C:\AppServ\www\listatareas\lib\Cake\Routing\Dispatcher.php(194): Controller->render()
#3 C:\AppServ\www\listatareas\lib\Cake\Routing\Dispatcher.php(162): Dispatcher->_invoke(Object(TareasController), Object(CakeRequest), Object(CakeResponse))
#4 C:\AppServ\www\listatareas\app\webroot\index.php(111): Dispatcher->dispatch(Object(CakeRequest), Object(CakeResponse))
#5 {main}
2013-08-23 19:39:41 Error: [MissingViewException] View file "C:\AppServ\www\listatareas\app\View\Tareas\index.ctp" is missing.
Exception Attributes: array (
  'file' => 'C:\\AppServ\\www\\listatareas\\app\\View\\Tareas\\index.ctp',
)
Request URL: /listatareas/tareas/index
Stack Trace:
#0 C:\AppServ\www\listatareas\lib\Cake\View\View.php(468): View->_getViewFileName(NULL)
#1 C:\AppServ\www\listatareas\lib\Cake\Controller\Controller.php(948): View->render(NULL, NULL)
#2 C:\AppServ\www\listatareas\lib\Cake\Routing\Dispatcher.php(194): Controller->render()
#3 C:\AppServ\www\listatareas\lib\Cake\Routing\Dispatcher.php(162): Dispatcher->_invoke(Object(TareasController), Object(CakeRequest), Object(CakeResponse))
#4 C:\AppServ\www\listatareas\app\webroot\index.php(111): Dispatcher->dispatch(Object(CakeRequest), Object(CakeResponse))
#5 {main}
2013-08-23 19:40:30 Error: Fatal Error (1): Call to a member function link() on a non-object in [C:\AppServ\www\listatareas\app\View\Tareas\index.ctp, line 31]
2013-08-23 19:40:30 Error: [FatalErrorException] Call to a member function link() on a non-object
Request URL: /listatareas/tareas/index
Stack Trace:
#0 C:\AppServ\www\listatareas\lib\Cake\Error\ErrorHandler.php(184): ErrorHandler::handleFatalError(1, 'Call to a membe...', 'C:\AppServ\www\...', 31)
#1 [internal function]: ErrorHandler::handleError(1, 'Call to a membe...', 'C:\AppServ\www\...', 31, Array)
#2 C:\AppServ\www\listatareas\lib\Cake\Core\App.php(931): call_user_func('ErrorHandler::h...', 1, 'Call to a membe...', 'C:\AppServ\www\...', 31, Array)
#3 C:\AppServ\www\listatareas\lib\Cake\Core\App.php(904): App::_checkFatalError()
#4 [internal function]: App::shutdown()
#5 {main}
2013-08-23 19:41:14 Error: Fatal Error (1): Call to a member function link() on a non-object in [C:\AppServ\www\listatareas\app\View\Tareas\index.ctp, line 31]
2013-08-23 19:41:14 Error: [FatalErrorException] Call to a member function link() on a non-object
Request URL: /listatareas/tareas/index
Stack Trace:
#0 C:\AppServ\www\listatareas\lib\Cake\Error\ErrorHandler.php(184): ErrorHandler::handleFatalError(1, 'Call to a membe...', 'C:\AppServ\www\...', 31)
#1 [internal function]: ErrorHandler::handleError(1, 'Call to a membe...', 'C:\AppServ\www\...', 31, Array)
#2 C:\AppServ\www\listatareas\lib\Cake\Core\App.php(931): call_user_func('ErrorHandler::h...', 1, 'Call to a membe...', 'C:\AppServ\www\...', 31, Array)
#3 C:\AppServ\www\listatareas\lib\Cake\Core\App.php(904): App::_checkFatalError()
#4 [internal function]: App::shutdown()
#5 {main}
2013-08-23 19:45:44 Error: Fatal Error (1): Call to a member function link() on a non-object in [C:\AppServ\www\listatareas\app\View\Tareas\index.ctp, line 31]
2013-08-23 19:45:44 Error: [FatalErrorException] Call to a member function link() on a non-object
Request URL: /listatareas/tareas/index
Stack Trace:
#0 C:\AppServ\www\listatareas\lib\Cake\Error\ErrorHandler.php(184): ErrorHandler::handleFatalError(1, 'Call to a membe...', 'C:\AppServ\www\...', 31)
#1 [internal function]: ErrorHandler::handleError(1, 'Call to a membe...', 'C:\AppServ\www\...', 31, Array)
#2 C:\AppServ\www\listatareas\lib\Cake\Core\App.php(931): call_user_func('ErrorHandler::h...', 1, 'Call to a membe...', 'C:\AppServ\www\...', 31, Array)
#3 C:\AppServ\www\listatareas\lib\Cake\Core\App.php(904): App::_checkFatalError()
#4 [internal function]: App::shutdown()
#5 {main}
2013-08-23 19:49:15 Error: Fatal Error (1): Call to a member function link() on a non-object in [C:\AppServ\www\listatareas\app\View\Tareas\index.ctp, line 31]
2013-08-23 19:49:15 Error: [FatalErrorException] Call to a member function link() on a non-object
Request URL: /listatareas/tareas/index
Stack Trace:
#0 C:\AppServ\www\listatareas\lib\Cake\Error\ErrorHandler.php(184): ErrorHandler::handleFatalError(1, 'Call to a membe...', 'C:\AppServ\www\...', 31)
#1 [internal function]: ErrorHandler::handleError(1, 'Call to a membe...', 'C:\AppServ\www\...', 31, Array)
#2 C:\AppServ\www\listatareas\lib\Cake\Core\App.php(931): call_user_func('ErrorHandler::h...', 1, 'Call to a membe...', 'C:\AppServ\www\...', 31, Array)
#3 C:\AppServ\www\listatareas\lib\Cake\Core\App.php(904): App::_checkFatalError()
#4 [internal function]: App::shutdown()
#5 {main}
2013-08-23 19:49:59 Error: [MissingHelperException] Helper class linkHelper could not be found.
Exception Attributes: array (
  'class' => 'linkHelper',
  'plugin' => false,
)
Request URL: /listatareas/tareas/index
Stack Trace:
#0 C:\AppServ\www\listatareas\lib\Cake\View\View.php(882): HelperCollection->load('link', Array)
#1 C:\AppServ\www\listatareas\lib\Cake\View\View.php(464): View->loadHelpers()
#2 C:\AppServ\www\listatareas\lib\Cake\Controller\Controller.php(948): View->render(NULL, NULL)
#3 C:\AppServ\www\listatareas\lib\Cake\Routing\Dispatcher.php(194): Controller->render()
#4 C:\AppServ\www\listatareas\lib\Cake\Routing\Dispatcher.php(162): Dispatcher->_invoke(Object(TareasController), Object(CakeRequest), Object(CakeResponse))
#5 C:\AppServ\www\listatareas\app\webroot\index.php(111): Dispatcher->dispatch(Object(CakeRequest), Object(CakeResponse))
#6 {main}
2013-08-23 19:50:28 Error: Fatal Error (1): Call to a member function link() on a non-object in [C:\AppServ\www\listatareas\app\View\Tareas\index.ctp, line 31]
2013-08-23 19:50:28 Error: [FatalErrorException] Call to a member function link() on a non-object
Request URL: /listatareas/tareas/index
Stack Trace:
#0 C:\AppServ\www\listatareas\lib\Cake\Error\ErrorHandler.php(184): ErrorHandler::handleFatalError(1, 'Call to a membe...', 'C:\AppServ\www\...', 31)
#1 [internal function]: ErrorHandler::handleError(1, 'Call to a membe...', 'C:\AppServ\www\...', 31, Array)
#2 C:\AppServ\www\listatareas\lib\Cake\Core\App.php(931): call_user_func('ErrorHandler::h...', 1, 'Call to a membe...', 'C:\AppServ\www\...', 31, Array)
#3 C:\AppServ\www\listatareas\lib\Cake\Core\App.php(904): App::_checkFatalError()
#4 [internal function]: App::shutdown()
#5 {main}
2013-08-23 19:51:24 Error: Fatal Error (1): Call to a member function link() on a non-object in [C:\AppServ\www\listatareas\app\View\Tareas\index.ctp, line 31]
2013-08-23 19:51:24 Error: [FatalErrorException] Call to a member function link() on a non-object
Request URL: /listatareas/tareas/index
Stack Trace:
#0 C:\AppServ\www\listatareas\lib\Cake\Error\ErrorHandler.php(184): ErrorHandler::handleFatalError(1, 'Call to a membe...', 'C:\AppServ\www\...', 31)
#1 [internal function]: ErrorHandler::handleError(1, 'Call to a membe...', 'C:\AppServ\www\...', 31, Array)
#2 C:\AppServ\www\listatareas\lib\Cake\Core\App.php(931): call_user_func('ErrorHandler::h...', 1, 'Call to a membe...', 'C:\AppServ\www\...', 31, Array)
#3 C:\AppServ\www\listatareas\lib\Cake\Core\App.php(904): App::_checkFatalError()
#4 [internal function]: App::shutdown()
#5 {main}
2013-08-23 19:51:51 Error: Fatal Error (1): Call to a member function link() on a non-object in [C:\AppServ\www\listatareas\app\View\Tareas\index.ctp, line 31]
2013-08-23 19:51:51 Error: [FatalErrorException] Call to a member function link() on a non-object
Request URL: /listatareas/tareas/index
Stack Trace:
#0 C:\AppServ\www\listatareas\lib\Cake\Error\ErrorHandler.php(184): ErrorHandler::handleFatalError(1, 'Call to a membe...', 'C:\AppServ\www\...', 31)
#1 [internal function]: ErrorHandler::handleError(1, 'Call to a membe...', 'C:\AppServ\www\...', 31, Array)
#2 C:\AppServ\www\listatareas\lib\Cake\Core\App.php(931): call_user_func('ErrorHandler::h...', 1, 'Call to a membe...', 'C:\AppServ\www\...', 31, Array)
#3 C:\AppServ\www\listatareas\lib\Cake\Core\App.php(904): App::_checkFatalError()
#4 [internal function]: App::shutdown()
#5 {main}
2013-08-23 19:55:53 Error: Fatal Error (1): Call to a member function link() on a non-object in [C:\AppServ\www\listatareas\app\View\Tareas\index.ctp, line 31]
2013-08-23 19:55:53 Error: [FatalErrorException] Call to a member function link() on a non-object
Request URL: /listatareas/tareas/index
Stack Trace:
#0 C:\AppServ\www\listatareas\lib\Cake\Error\ErrorHandler.php(184): ErrorHandler::handleFatalError(1, 'Call to a membe...', 'C:\AppServ\www\...', 31)
#1 [internal function]: ErrorHandler::handleError(1, 'Call to a membe...', 'C:\AppServ\www\...', 31, Array)
#2 C:\AppServ\www\listatareas\lib\Cake\Core\App.php(931): call_user_func('ErrorHandler::h...', 1, 'Call to a membe...', 'C:\AppServ\www\...', 31, Array)
#3 C:\AppServ\www\listatareas\lib\Cake\Core\App.php(904): App::_checkFatalError()
#4 [internal function]: App::shutdown()
#5 {main}
2013-08-23 19:56:45 Error: Fatal Error (1): Call to a member function link() on a non-object in [C:\AppServ\www\listatareas\app\View\Tareas\index.ctp, line 31]
2013-08-23 19:56:45 Error: [FatalErrorException] Call to a member function link() on a non-object
Request URL: /listatareas/tareas/index
Stack Trace:
#0 C:\AppServ\www\listatareas\lib\Cake\Error\ErrorHandler.php(184): ErrorHandler::handleFatalError(1, 'Call to a membe...', 'C:\AppServ\www\...', 31)
#1 [internal function]: ErrorHandler::handleError(1, 'Call to a membe...', 'C:\AppServ\www\...', 31, Array)
#2 C:\AppServ\www\listatareas\lib\Cake\Core\App.php(931): call_user_func('ErrorHandler::h...', 1, 'Call to a membe...', 'C:\AppServ\www\...', 31, Array)
#3 C:\AppServ\www\listatareas\lib\Cake\Core\App.php(904): App::_checkFatalError()
#4 [internal function]: App::shutdown()
#5 {main}
2013-08-23 22:20:51 Error: Fatal Error (1): Call to a member function link() on a non-object in [C:\AppServ\www\listatareas\app\View\Tareas\index.ctp, line 31]
2013-08-23 22:20:51 Error: [FatalErrorException] Call to a member function link() on a non-object
Request URL: /listatareas/tareas/index
Stack Trace:
#0 C:\AppServ\www\listatareas\lib\Cake\Error\ErrorHandler.php(184): ErrorHandler::handleFatalError(1, 'Call to a membe...', 'C:\AppServ\www\...', 31)
#1 [internal function]: ErrorHandler::handleError(1, 'Call to a membe...', 'C:\AppServ\www\...', 31, Array)
#2 C:\AppServ\www\listatareas\lib\Cake\Core\App.php(931): call_user_func('ErrorHandler::h...', 1, 'Call to a membe...', 'C:\AppServ\www\...', 31, Array)
#3 C:\AppServ\www\listatareas\lib\Cake\Core\App.php(904): App::_checkFatalError()
#4 [internal function]: App::shutdown()
#5 {main}
2013-08-23 22:26:41 Error: Fatal Error (1): Call to a member function link() on a non-object in [C:\AppServ\www\listatareas\app\View\Tareas\index.ctp, line 31]
2013-08-23 22:26:41 Error: [FatalErrorException] Call to a member function link() on a non-object
Request URL: /listatareas/tareas/index
Stack Trace:
#0 C:\AppServ\www\listatareas\lib\Cake\Error\ErrorHandler.php(184): ErrorHandler::handleFatalError(1, 'Call to a membe...', 'C:\AppServ\www\...', 31)
#1 [internal function]: ErrorHandler::handleError(1, 'Call to a membe...', 'C:\AppServ\www\...', 31, Array)
#2 C:\AppServ\www\listatareas\lib\Cake\Core\App.php(931): call_user_func('ErrorHandler::h...', 1, 'Call to a membe...', 'C:\AppServ\www\...', 31, Array)
#3 C:\AppServ\www\listatareas\lib\Cake\Core\App.php(904): App::_checkFatalError()
#4 [internal function]: App::shutdown()
#5 {main}
2013-08-23 22:29:55 Error: [MissingViewException] View file "C:\AppServ\www\listatareas\app\View\Tareas\add.ctp" is missing.
Exception Attributes: array (
  'file' => 'C:\\AppServ\\www\\listatareas\\app\\View\\Tareas\\add.ctp',
)
Request URL: /listatareas/tareas/add
Stack Trace:
#0 C:\AppServ\www\listatareas\lib\Cake\View\View.php(468): View->_getViewFileName(NULL)
#1 C:\AppServ\www\listatareas\lib\Cake\Controller\Controller.php(948): View->render(NULL, NULL)
#2 C:\AppServ\www\listatareas\lib\Cake\Routing\Dispatcher.php(194): Controller->render()
#3 C:\AppServ\www\listatareas\lib\Cake\Routing\Dispatcher.php(162): Dispatcher->_invoke(Object(TareasController), Object(CakeRequest), Object(CakeResponse))
#4 C:\AppServ\www\listatareas\app\webroot\index.php(111): Dispatcher->dispatch(Object(CakeRequest), Object(CakeResponse))
#5 {main}
2013-08-23 22:49:51 Error: [MissingViewException] View file "C:\AppServ\www\listatareas\app\View\Tareas\add.ctp" is missing.
Exception Attributes: array (
  'file' => 'C:\\AppServ\\www\\listatareas\\app\\View\\Tareas\\add.ctp',
)
Request URL: /listatareas/tareas/add
Stack Trace:
#0 C:\AppServ\www\listatareas\lib\Cake\View\View.php(468): View->_getViewFileName(NULL)
#1 C:\AppServ\www\listatareas\lib\Cake\Controller\Controller.php(948): View->render(NULL, NULL)
#2 C:\AppServ\www\listatareas\lib\Cake\Routing\Dispatcher.php(194): Controller->render()
#3 C:\AppServ\www\listatareas\lib\Cake\Routing\Dispatcher.php(162): Dispatcher->_invoke(Object(TareasController), Object(CakeRequest), Object(CakeResponse))
#4 C:\AppServ\www\listatareas\app\webroot\index.php(111): Dispatcher->dispatch(Object(CakeRequest), Object(CakeResponse))
#5 {main}
